Using pre-set license
Built from '2020.3/china_unity/release' branch; Version is '2020.3.0f1c1 (1e553bf703d9) revision 1987899'; Using compiler version '192528614'; Build Type 'Release'
OS: 'Windows 10 Pro; OS build 19041.1415; Version 2004; 64bit' Language: 'zh' Physical Memory: 32724 MB
BatchMode: 1, IsHumanControllingUs: 0, StartBugReporterOnCrash: 0, Is64bit: 1, IsPro: 0

 COMMAND LINE ARGUMENTS:
F:\unity\2020.3.0f1c1\Editor\Unity.exe
-adb2
-batchMode
-noUpm
-name
AssetImportWorker0
-projectPath
F:/Desktop/医宗金鉴/TheGoldenMirrorOfMedicine/TheGoldenMirrorOfMedicine
-logFile
Logs/AssetImportWorker0.log
-srvPort
51804
Successfully changed project path to: F:/Desktop/医宗金鉴/TheGoldenMirrorOfMedicine/TheGoldenMirrorOfMedicine
F:/Desktop/医宗金鉴/TheGoldenMirrorOfMedicine/TheGoldenMirrorOfMedicine
Using Asset Import Pipeline V2.
Refreshing native plugins compatible for Editor in 33.30 ms, found 0 plugins.
Preloading 0 native plugins for Editor in 0.00 ms.
Initialize engine version: 2020.3.0f1c1 (1e553bf703d9)
[Subsystems] Discovering subsystems at path F:/unity/2020.3.0f1c1/Editor/Data/Resources/UnitySubsystems
[Subsystems] Discovering subsystems at path F:/Desktop/医宗金鉴/TheGoldenMirrorOfMedicine/TheGoldenMirrorOfMedicine/Assets
GfxDevice: creating device client; threaded=0
Direct3D:
    Version:  Direct3D 11.0 [level 11.1]
    Renderer: NVIDIA GeForce GTX 1060 (ID=0x1c60)
    Vendor:   
    VRAM:     6052 MB
    Driver:   27.21.14.5638
Initialize mono
Mono path[0] = 'F:/unity/2020.3.0f1c1/Editor/Data/Managed'
Mono path[1] = 'F:/unity/2020.3.0f1c1/Editor/Data/MonoBleedingEdge/lib/mono/unityjit'
Mono config path = 'F:/unity/2020.3.0f1c1/Editor/Data/MonoBleedingEdge/etc'
Using monoOptions --debugger-agent=transport=dt_socket,embedding=1,server=y,suspend=n,address=127.0.0.1:56052
Begin MonoManager ReloadAssembly
Registering precompiled unity dll's ...
Register platform support module: F:/unity/2020.3.0f1c1/Editor/Data/PlaybackEngines/WebGLSupport/UnityEditor.WebGL.Extensions.dll
Register platform support module: F:/unity/2020.3.0f1c1/Editor/Data/PlaybackEngines/WindowsStandaloneSupport/UnityEditor.WindowsStandalone.Extensions.dll
Registered in 0.001543 seconds.
Native extension for WindowsStandalone target not found
Native extension for WebGL target not found
Refreshing native plugins compatible for Editor in 31.87 ms, found 0 plugins.
Preloading 0 native plugins for Editor in 0.00 ms.
Invoked RoslynAnalysisRunner static constructor.
RoslynAnalysisRunner will not be running.
RoslynAnalysisRunner has terminated.
Mono: successfully reloaded assembly
- Completed reload, in  2.200 seconds
Platform modules already initialized, skipping
Registering precompiled user dll's ...
Registered in 0.000584 seconds.
Begin MonoManager ReloadAssembly
Native extension for WindowsStandalone target not found
Native extension for WebGL target not found
Refreshing native plugins compatible for Editor in 0.23 ms, found 0 plugins.
Preloading 0 native plugins for Editor in 0.00 ms.
Invoked RoslynAnalysisRunner static constructor.
RoslynAnalysisRunner will not be running.
RoslynAnalysisRunner has terminated.
Mono: successfully reloaded assembly
- Completed reload, in  1.052 seconds
Platform modules already initialized, skipping
========================================================================
Worker process is ready to serve import requests
Launched and connected shader compiler UnityShaderCompiler.exe after 0.07 seconds
Refreshing native plugins compatible for Editor in 0.33 ms, found 0 plugins.
Preloading 0 native plugins for Editor in 0.00 ms.
Unloading 1113 Unused Serialized files (Serialized files now loaded: 0)
System memory in use before: 57.2 MB.
System memory in use after: 57.3 MB.

Unloading 9 unused Assets to reduce memory usage. Loaded Objects now: 1556.
Total: 1.935000 ms (FindLiveObjects: 0.198000 ms CreateObjectMapping: 0.052000 ms MarkObjects: 1.581800 ms  DeleteObjects: 0.101500 ms)

========================================================================
Received Import Request.
  path: Assets/Scenes
  artifactKey: Guid(74182496d1d8c6844828c9ae52ec2473) Importer(815301076,1909f56bfc062723c751e8b465ee728b)
Start importing Assets/Scenes using Guid(74182496d1d8c6844828c9ae52ec2473) Importer(815301076,1909f56bfc062723c751e8b465ee728b)  -> (artifact id: 'b123d8b9cb9efc65855055185ef435f7') in 0.005088 seconds
  Import took 0.007782 seconds .

========================================================================
Received Import Request.
  Time since last request: 8.917199 seconds.
  path: Assets/Resource
  artifactKey: Guid(bf4efdc741104224c9586cda489093e5) Importer(815301076,1909f56bfc062723c751e8b465ee728b)
Start importing Assets/Resource using Guid(bf4efdc741104224c9586cda489093e5) Importer(815301076,1909f56bfc062723c751e8b465ee728b)  -> (artifact id: '09fda4f8b4d4c3b72d598590dcbdf790') in 0.003289 seconds
  Import took 0.006105 seconds .

========================================================================
Received Import Request.
  Time since last request: 8.157775 seconds.
  path: Assets/Scripts
  artifactKey: Guid(42adcef6528b6234c83a2af0e783df11) Importer(815301076,1909f56bfc062723c751e8b465ee728b)
Start importing Assets/Scripts using Guid(42adcef6528b6234c83a2af0e783df11) Importer(815301076,1909f56bfc062723c751e8b465ee728b)  -> (artifact id: 'f29e83effcbea2987d9af0bd831a4732') in 0.003307 seconds
  Import took 0.006032 seconds .

========================================================================
Received Import Request.
  Time since last request: 24.982020 seconds.
  path: Assets/New Folder
  artifactKey: Guid(8fcbf6c3c3779e8478b96ff30a1eb3a9) Importer(815301076,1909f56bfc062723c751e8b465ee728b)
Start importing Assets/New Folder using Guid(8fcbf6c3c3779e8478b96ff30a1eb3a9) Importer(815301076,1909f56bfc062723c751e8b465ee728b)  -> (artifact id: '4c19ff1e66d5d8a18b5997814d8f1cab') in 0.002913 seconds
  Import took 0.005723 seconds .

========================================================================
Received Prepare
Registering precompiled user dll's ...
Registered in 0.000528 seconds.
Begin MonoManager ReloadAssembly
Native extension for WindowsStandalone target not found
Native extension for WebGL target not found
Refreshing native plugins compatible for Editor in 0.52 ms, found 0 plugins.
Preloading 0 native plugins for Editor in 0.00 ms.
Invoked RoslynAnalysisRunner static constructor.
RoslynAnalysisRunner will not be running.
RoslynAnalysisRunner has terminated.
Mono: successfully reloaded assembly
- Completed reload, in  1.126 seconds
Platform modules already initialized, skipping
Refreshing native plugins compatible for Editor in 0.31 ms, found 0 plugins.
Preloading 0 native plugins for Editor in 0.00 ms.
Unloading 1141 Unused Serialized files (Serialized files now loaded: 0)
System memory in use before: 58.2 MB.
System memory in use after: 58.3 MB.

Unloading 4 unused Assets to reduce memory usage. Loaded Objects now: 1593.
Total: 1.658800 ms (FindLiveObjects: 0.145600 ms CreateObjectMapping: 0.040900 ms MarkObjects: 1.449400 ms  DeleteObjects: 0.021300 ms)

========================================================================
Received Prepare
Registering precompiled user dll's ...
Registered in 0.000520 seconds.
Begin MonoManager ReloadAssembly
Native extension for WindowsStandalone target not found
Native extension for WebGL target not found
Refreshing native plugins compatible for Editor in 0.25 ms, found 0 plugins.
Preloading 0 native plugins for Editor in 0.00 ms.
Invoked RoslynAnalysisRunner static constructor.
RoslynAnalysisRunner will not be running.
RoslynAnalysisRunner has terminated.
Mono: successfully reloaded assembly
- Completed reload, in  0.953 seconds
Platform modules already initialized, skipping
Refreshing native plugins compatible for Editor in 0.21 ms, found 0 plugins.
Preloading 0 native plugins for Editor in 0.00 ms.
Unloading 1143 Unused Serialized files (Serialized files now loaded: 0)
System memory in use before: 58.2 MB.
System memory in use after: 58.3 MB.

Unloading 4 unused Assets to reduce memory usage. Loaded Objects now: 1598.
Total: 1.764600 ms (FindLiveObjects: 0.173600 ms CreateObjectMapping: 0.036200 ms MarkObjects: 1.511500 ms  DeleteObjects: 0.041900 ms)

========================================================================
Received Import Request.
  Time since last request: 330.404130 seconds.
  path: Assets/Simple 2D Platformer BE2/Demo
  artifactKey: Guid(ec5bf1f2d54b72f419923584020bb6e8) Importer(815301076,1909f56bfc062723c751e8b465ee728b)
Start importing Assets/Simple 2D Platformer BE2/Demo using Guid(ec5bf1f2d54b72f419923584020bb6e8) Importer(815301076,1909f56bfc062723c751e8b465ee728b)  -> (artifact id: '9e4fafd765262db3a3c44b1dac7ddc18') in 0.005630 seconds
  Import took 0.008386 seconds .

========================================================================
Received Import Request.
  Time since last request: 0.004950 seconds.
  path: Assets/Simple 2D Platformer BE2/Demo
  artifactKey: Guid(ec5bf1f2d54b72f419923584020bb6e8) Importer(815301076,1909f56bfc062723c751e8b465ee728b)
Start importing Assets/Simple 2D Platformer BE2/Demo using Guid(ec5bf1f2d54b72f419923584020bb6e8) Importer(815301076,1909f56bfc062723c751e8b465ee728b)  -> (artifact id: '9e4fafd765262db3a3c44b1dac7ddc18') in 0.002200 seconds
  Import took 0.004885 seconds .

========================================================================
Received Import Request.
  Time since last request: 0.722808 seconds.
  path: Assets/Simple 2D Platformer BE2/Demo/Demo.unity
  artifactKey: Guid(3a25811d9b7b5fa4da6d5077a40cdc20) Importer(815301076,1909f56bfc062723c751e8b465ee728b)
Start importing Assets/Simple 2D Platformer BE2/Demo/Demo.unity using Guid(3a25811d9b7b5fa4da6d5077a40cdc20) Importer(815301076,1909f56bfc062723c751e8b465ee728b)  -> (artifact id: '4c2b96959b860308bc30bc304e4c31ae') in 0.010618 seconds
  Import took 0.014270 seconds .

========================================================================
Received Prepare
Registering precompiled user dll's ...
Registered in 0.000752 seconds.
Begin MonoManager ReloadAssembly
Native extension for WindowsStandalone target not found
Native extension for WebGL target not found
Refreshing native plugins compatible for Editor in 0.25 ms, found 0 plugins.
Preloading 0 native plugins for Editor in 0.00 ms.
Invoked RoslynAnalysisRunner static constructor.
RoslynAnalysisRunner will not be running.
RoslynAnalysisRunner has terminated.
Mono: successfully reloaded assembly
- Completed reload, in  0.982 seconds
Platform modules already initialized, skipping
Refreshing native plugins compatible for Editor in 0.23 ms, found 0 plugins.
Preloading 0 native plugins for Editor in 0.00 ms.
Unloading 1143 Unused Serialized files (Serialized files now loaded: 0)
System memory in use before: 58.3 MB.
System memory in use after: 58.4 MB.

Unloading 4 unused Assets to reduce memory usage. Loaded Objects now: 1601.
Total: 2.224100 ms (FindLiveObjects: 0.174400 ms CreateObjectMapping: 0.042300 ms MarkObjects: 1.971200 ms  DeleteObjects: 0.034300 ms)

========================================================================
Received Prepare
Registering precompiled user dll's ...
Registered in 0.000679 seconds.
Begin MonoManager ReloadAssembly
Native extension for WindowsStandalone target not found
Native extension for WebGL target not found
Refreshing native plugins compatible for Editor in 0.22 ms, found 0 plugins.
Preloading 0 native plugins for Editor in 0.00 ms.
Invoked RoslynAnalysisRunner static constructor.
RoslynAnalysisRunner will not be running.
RoslynAnalysisRunner has terminated.
Mono: successfully reloaded assembly
- Completed reload, in  0.921 seconds
Platform modules already initialized, skipping
Refreshing native plugins compatible for Editor in 0.56 ms, found 0 plugins.
Preloading 0 native plugins for Editor in 0.00 ms.
Unloading 1141 Unused Serialized files (Serialized files now loaded: 0)
System memory in use before: 58.2 MB.
System memory in use after: 58.3 MB.

Unloading 5 unused Assets to reduce memory usage. Loaded Objects now: 1603.
Total: 2.009400 ms (FindLiveObjects: 0.228600 ms CreateObjectMapping: 0.165700 ms MarkObjects: 1.555500 ms  DeleteObjects: 0.058100 ms)

========================================================================
Received Import Request.
  Time since last request: 590.737034 seconds.
  path: Assets/Scenes/SampleScene.unity
  artifactKey: Guid(9fc0d4010bbf28b4594072e72b8655ab) Importer(815301076,1909f56bfc062723c751e8b465ee728b)
Start importing Assets/Scenes/SampleScene.unity using Guid(9fc0d4010bbf28b4594072e72b8655ab) Importer(815301076,1909f56bfc062723c751e8b465ee728b)  -> (artifact id: 'ee784fde4f6b42f6105fc469b3638cb4') in 0.015008 seconds
  Import took 0.017868 seconds .

========================================================================
Received Import Request.
  Time since last request: 230.922148 seconds.
  path: Assets/SimpleNaturePack/Scenes/SimpleNaturePack_Demo.unity
  artifactKey: Guid(5e7af4bd95ac53a4cb784a9eedf8f6f9) Importer(815301076,1909f56bfc062723c751e8b465ee728b)
Start importing Assets/SimpleNaturePack/Scenes/SimpleNaturePack_Demo.unity using Guid(5e7af4bd95ac53a4cb784a9eedf8f6f9) Importer(815301076,1909f56bfc062723c751e8b465ee728b)  -> (artifact id: '6963a794410fd1adc442a96ed2a0e669') in 0.003794 seconds
  Import took 0.006008 seconds .

========================================================================
Received Import Request.
  Time since last request: 4.486567 seconds.
  path: Assets/SimpleNaturePack/Scenes/SimpleNaturePack_Overview.unity
  artifactKey: Guid(b818941d93326b949a3840a1d79ea88f) Importer(815301076,1909f56bfc062723c751e8b465ee728b)
Start importing Assets/SimpleNaturePack/Scenes/SimpleNaturePack_Overview.unity using Guid(b818941d93326b949a3840a1d79ea88f) Importer(815301076,1909f56bfc062723c751e8b465ee728b)  -> (artifact id: '6bc32ce78fdf5775042a42552c4f51f6') in 0.003344 seconds
  Import took 0.005403 seconds .

========================================================================
Received Import Request.
  Time since last request: 135.074610 seconds.
  path: Assets/Robot Kyle/Model
  artifactKey: Guid(ddfda1d8255caec42a0551db42a3c86d) Importer(815301076,1909f56bfc062723c751e8b465ee728b)
Start importing Assets/Robot Kyle/Model using Guid(ddfda1d8255caec42a0551db42a3c86d) Importer(815301076,1909f56bfc062723c751e8b465ee728b)  -> (artifact id: '09aaf0ea36c0cdf99f42b61629d2fb54') in 0.002839 seconds
  Import took 0.005502 seconds .

========================================================================
Received Import Request.
  Time since last request: 0.797469 seconds.
  path: Assets/Robot Kyle/Model/Robot Kyle.fbx
  artifactKey: Guid(320b1c2af77554f99a1658df4a6d3d5c) Importer(815301076,1909f56bfc062723c751e8b465ee728b)
Start importing Assets/Robot Kyle/Model/Robot Kyle.fbx using Guid(320b1c2af77554f99a1658df4a6d3d5c) Importer(815301076,1909f56bfc062723c751e8b465ee728b)  -> (artifact id: '6f495fb60834c453784387202aa76e5f') in 1.210976 seconds
  Import took 1.214275 seconds .

========================================================================
Received Prepare
Registering precompiled user dll's ...
Registered in 0.000547 seconds.
Begin MonoManager ReloadAssembly
Native extension for WindowsStandalone target not found
Native extension for WebGL target not found
Refreshing native plugins compatible for Editor in 0.30 ms, found 0 plugins.
Preloading 0 native plugins for Editor in 0.00 ms.
Invoked RoslynAnalysisRunner static constructor.
RoslynAnalysisRunner will not be running.
RoslynAnalysisRunner has terminated.
Mono: successfully reloaded assembly
- Completed reload, in  0.986 seconds
Platform modules already initialized, skipping
Refreshing native plugins compatible for Editor in 0.24 ms, found 0 plugins.
Preloading 0 native plugins for Editor in 0.00 ms.
Unloading 1141 Unused Serialized files (Serialized files now loaded: 0)
System memory in use before: 76.4 MB.
System memory in use after: 76.5 MB.

Unloading 4 unused Assets to reduce memory usage. Loaded Objects now: 1619.
Total: 1.783600 ms (FindLiveObjects: 0.165100 ms CreateObjectMapping: 0.050800 ms MarkObjects: 1.546400 ms  DeleteObjects: 0.019300 ms)

========================================================================
Received Prepare
Registering precompiled user dll's ...
Registered in 0.001006 seconds.
Begin MonoManager ReloadAssembly
Native extension for WindowsStandalone target not found
Native extension for WebGL target not found
Refreshing native plugins compatible for Editor in 0.37 ms, found 0 plugins.
Preloading 0 native plugins for Editor in 0.00 ms.
Invoked RoslynAnalysisRunner static constructor.
RoslynAnalysisRunner will not be running.
RoslynAnalysisRunner has terminated.
Mono: successfully reloaded assembly
- Completed reload, in  1.027 seconds
Platform modules already initialized, skipping
Refreshing native plugins compatible for Editor in 0.41 ms, found 0 plugins.
Preloading 0 native plugins for Editor in 0.00 ms.
Unloading 1141 Unused Serialized files (Serialized files now loaded: 0)
System memory in use before: 76.4 MB.
System memory in use after: 76.5 MB.

Unloading 4 unused Assets to reduce memory usage. Loaded Objects now: 1622.
Total: 1.607800 ms (FindLiveObjects: 0.148600 ms CreateObjectMapping: 0.043100 ms MarkObjects: 1.399700 ms  DeleteObjects: 0.015300 ms)

AssetImportWorkerClient::OnTransportError - code=2 error=End of file
