Using pre-set license
Built from '2020.3/china_unity/release' branch; Version is '2020.3.0f1c1 (1e553bf703d9) revision 1987899'; Using compiler version '192528614'; Build Type 'Release'
OS: 'Windows 10 Pro; OS build 19041.1415; Version 2004; 64bit' Language: 'zh' Physical Memory: 32724 MB
BatchMode: 1, IsHumanControllingUs: 0, StartBugReporterOnCrash: 0, Is64bit: 1, IsPro: 0

 COMMAND LINE ARGUMENTS:
F:\unity\2020.3.0f1c1\Editor\Unity.exe
-adb2
-batchMode
-noUpm
-name
AssetImportWorker0
-projectPath
F:/Desktop/医宗金鉴/TheGoldenMirrorOfMedicine/TheGoldenMirrorOfMedicine
-logFile
Logs/AssetImportWorker0.log
-srvPort
49448
Successfully changed project path to: F:/Desktop/医宗金鉴/TheGoldenMirrorOfMedicine/TheGoldenMirrorOfMedicine
F:/Desktop/医宗金鉴/TheGoldenMirrorOfMedicine/TheGoldenMirrorOfMedicine
Using Asset Import Pipeline V2.
Refreshing native plugins compatible for Editor in 33.26 ms, found 0 plugins.
Preloading 0 native plugins for Editor in 0.00 ms.
Initialize engine version: 2020.3.0f1c1 (1e553bf703d9)
[Subsystems] Discovering subsystems at path F:/unity/2020.3.0f1c1/Editor/Data/Resources/UnitySubsystems
[Subsystems] Discovering subsystems at path F:/Desktop/医宗金鉴/TheGoldenMirrorOfMedicine/TheGoldenMirrorOfMedicine/Assets
GfxDevice: creating device client; threaded=0
Direct3D:
    Version:  Direct3D 11.0 [level 11.1]
    Renderer: NVIDIA GeForce GTX 1060 (ID=0x1c60)
    Vendor:   
    VRAM:     6052 MB
    Driver:   27.21.14.5638
Initialize mono
Mono path[0] = 'F:/unity/2020.3.0f1c1/Editor/Data/Managed'
Mono path[1] = 'F:/unity/2020.3.0f1c1/Editor/Data/MonoBleedingEdge/lib/mono/unityjit'
Mono config path = 'F:/unity/2020.3.0f1c1/Editor/Data/MonoBleedingEdge/etc'
Using monoOptions --debugger-agent=transport=dt_socket,embedding=1,server=y,suspend=n,address=127.0.0.1:56544
Begin MonoManager ReloadAssembly
Registering precompiled unity dll's ...
Register platform support module: F:/unity/2020.3.0f1c1/Editor/Data/PlaybackEngines/WebGLSupport/UnityEditor.WebGL.Extensions.dll
Register platform support module: F:/unity/2020.3.0f1c1/Editor/Data/PlaybackEngines/WindowsStandaloneSupport/UnityEditor.WindowsStandalone.Extensions.dll
Registered in 0.001141 seconds.
Native extension for WindowsStandalone target not found
Native extension for WebGL target not found
Refreshing native plugins compatible for Editor in 28.74 ms, found 0 plugins.
Preloading 0 native plugins for Editor in 0.00 ms.
Invoked RoslynAnalysisRunner static constructor.
RoslynAnalysisRunner will not be running.
RoslynAnalysisRunner has terminated.
Mono: successfully reloaded assembly
- Completed reload, in  2.095 seconds
Platform modules already initialized, skipping
Registering precompiled user dll's ...
Registered in 0.000528 seconds.
Begin MonoManager ReloadAssembly
Native extension for WindowsStandalone target not found
Native extension for WebGL target not found
Refreshing native plugins compatible for Editor in 0.21 ms, found 0 plugins.
Preloading 0 native plugins for Editor in 0.00 ms.
Invoked RoslynAnalysisRunner static constructor.
RoslynAnalysisRunner will not be running.
RoslynAnalysisRunner has terminated.
Mono: successfully reloaded assembly
- Completed reload, in  0.927 seconds
Platform modules already initialized, skipping
========================================================================
Worker process is ready to serve import requests
Launched and connected shader compiler UnityShaderCompiler.exe after 0.07 seconds
Refreshing native plugins compatible for Editor in 0.34 ms, found 0 plugins.
Preloading 0 native plugins for Editor in 0.00 ms.
Unloading 1147 Unused Serialized files (Serialized files now loaded: 0)
System memory in use before: 59.2 MB.
System memory in use after: 59.2 MB.

Unloading 9 unused Assets to reduce memory usage. Loaded Objects now: 1592.
Total: 1.943800 ms (FindLiveObjects: 0.126300 ms CreateObjectMapping: 0.054900 ms MarkObjects: 1.685100 ms  DeleteObjects: 0.076500 ms)

========================================================================
Received Import Request.
  path: Assets/Casual RPG Character - Ekard/Character_icon/Ekard_Skill_01.png
  artifactKey: Guid(5f256795dc4da154d820c9a9262e8048) Importer(815301076,1909f56bfc062723c751e8b465ee728b)
Start importing Assets/Casual RPG Character - Ekard/Character_icon/Ekard_Skill_01.png using Guid(5f256795dc4da154d820c9a9262e8048) Importer(815301076,1909f56bfc062723c751e8b465ee728b)  -> (artifact id: '34032795d6ff9eab50ebd16d1d0b6b03') in 0.205237 seconds
  Import took 0.207175 seconds .

========================================================================
Received Import Request.
  Time since last request: 0.000418 seconds.
  path: Assets/Casual RPG Character - Ekard/Character_icon/Ekard.png
  artifactKey: Guid(4622ae0f8369c7c4ca9025114aa3baed) Importer(815301076,1909f56bfc062723c751e8b465ee728b)
Start importing Assets/Casual RPG Character - Ekard/Character_icon/Ekard.png using Guid(4622ae0f8369c7c4ca9025114aa3baed) Importer(815301076,1909f56bfc062723c751e8b465ee728b)  -> (artifact id: '4b45452cec5c52920a85c953c2bbd483') in 0.056043 seconds
  Import took 0.058204 seconds .

========================================================================
Received Import Request.
  Time since last request: 0.000330 seconds.
  path: Assets/Casual RPG Character - Ekard/Character_icon
  artifactKey: Guid(e9d8442391c3e2140b4dcdedafa49ffc) Importer(815301076,1909f56bfc062723c751e8b465ee728b)
Start importing Assets/Casual RPG Character - Ekard/Character_icon using Guid(e9d8442391c3e2140b4dcdedafa49ffc) Importer(815301076,1909f56bfc062723c751e8b465ee728b)  -> (artifact id: 'aa85ea41f1e6a5dca859f8a572be458a') in 0.003095 seconds
  Import took 0.005211 seconds .

========================================================================
Received Import Request.
  Time since last request: 0.000238 seconds.
  path: Assets/Casual RPG Character - Ekard/Models/Humanoid
  artifactKey: Guid(37c3335f8be21384e93a6354d8bc8d65) Importer(815301076,1909f56bfc062723c751e8b465ee728b)
Start importing Assets/Casual RPG Character - Ekard/Models/Humanoid using Guid(37c3335f8be21384e93a6354d8bc8d65) Importer(815301076,1909f56bfc062723c751e8b465ee728b)  -> (artifact id: '5358ededa99f6fcc0af8f8d9b941ce79') in 0.003370 seconds
  Import took 0.006330 seconds .

========================================================================
Received Import Request.
  Time since last request: 0.934381 seconds.
  path: Assets/Casual RPG Character - Ekard/Models/Humanoid/Ekard_h.FBX
  artifactKey: Guid(9c772f8fd5a14c54fbcb4dd0b4cbaef0) Importer(815301076,1909f56bfc062723c751e8b465ee728b)
Start importing Assets/Casual RPG Character - Ekard/Models/Humanoid/Ekard_h.FBX using Guid(9c772f8fd5a14c54fbcb4dd0b4cbaef0) Importer(815301076,1909f56bfc062723c751e8b465ee728b)  -> (artifact id: 'bd49d3bc72ce38e44e360470cf6be87e') in 0.124120 seconds
  Import took 0.127001 seconds .

========================================================================
Received Import Request.
  Time since last request: 1.093077 seconds.
  path: Assets/Casual RPG Character - Ekard/Models/Humanoid/Ekard_BattleIdle_01_h.fbx
  artifactKey: Guid(f663597c55671244693d9ec3cc1ddc85) Importer(815301076,1909f56bfc062723c751e8b465ee728b)
Start importing Assets/Casual RPG Character - Ekard/Models/Humanoid/Ekard_BattleIdle_01_h.fbx using Guid(f663597c55671244693d9ec3cc1ddc85) Importer(815301076,1909f56bfc062723c751e8b465ee728b)  -> (artifact id: '5480a5a979e8eb51db39e4725090e6bc') in 0.035042 seconds
  Import took 0.038192 seconds .

========================================================================
Received Import Request.
  Time since last request: 0.000718 seconds.
  path: Assets/Casual RPG Character - Ekard/Models/Humanoid/Ekard_BattleIdle_01_h.fbx
  artifactKey: Guid(f663597c55671244693d9ec3cc1ddc85) Importer(815301076,1909f56bfc062723c751e8b465ee728b)
Start importing Assets/Casual RPG Character - Ekard/Models/Humanoid/Ekard_BattleIdle_01_h.fbx using Guid(f663597c55671244693d9ec3cc1ddc85) Importer(815301076,1909f56bfc062723c751e8b465ee728b)  -> (artifact id: '5480a5a979e8eb51db39e4725090e6bc') in 0.029537 seconds
  Import took 0.033031 seconds .

========================================================================
Received Import Request.
  Time since last request: 0.398565 seconds.
  path: Assets/Casual RPG Character - Ekard/Models/Humanoid/Ekard_Attack_01_h.fbx
  artifactKey: Guid(b80941903823f8c42bf43cfc39abbafc) Importer(815301076,1909f56bfc062723c751e8b465ee728b)
Start importing Assets/Casual RPG Character - Ekard/Models/Humanoid/Ekard_Attack_01_h.fbx using Guid(b80941903823f8c42bf43cfc39abbafc) Importer(815301076,1909f56bfc062723c751e8b465ee728b)  -> (artifact id: 'a12e67c942e7450269cc11d90c5781fe') in 0.027160 seconds
  Import took 0.029510 seconds .

========================================================================
Received Import Request.
  Time since last request: 7.467117 seconds.
  path: Assets/Casual RPG Character - Ekard/Models/Generic/Ekard.FBX
  artifactKey: Guid(b3ac7d864261a9746b9ce84cdf06505d) Importer(815301076,1909f56bfc062723c751e8b465ee728b)
Start importing Assets/Casual RPG Character - Ekard/Models/Generic/Ekard.FBX using Guid(b3ac7d864261a9746b9ce84cdf06505d) Importer(815301076,1909f56bfc062723c751e8b465ee728b)  -> (artifact id: '2d17ca1f624582963be7d42627d96e1c') in 0.024881 seconds
  Import took 0.027053 seconds .

========================================================================
Received Import Request.
  Time since last request: 27.518271 seconds.
  path: Assets/Casual RPG Character - Ekard/Models/Generic/Ekard_Attack_01.FBX
  artifactKey: Guid(9758fdb7e722ee44287681dc667ee36d) Importer(815301076,1909f56bfc062723c751e8b465ee728b)
Start importing Assets/Casual RPG Character - Ekard/Models/Generic/Ekard_Attack_01.FBX using Guid(9758fdb7e722ee44287681dc667ee36d) Importer(815301076,1909f56bfc062723c751e8b465ee728b)  -> (artifact id: '00e44e7a35aa4456ffc37e3109674859') in 0.027371 seconds
  Import took 0.029850 seconds .

========================================================================
Received Import Request.
  Time since last request: 0.897469 seconds.
  path: Assets/Casual RPG Character - Ekard/Models/Generic/Ekard_Attack_02.fbx
  artifactKey: Guid(c1e3e83c912d822479af4fa1aae5eb42) Importer(815301076,1909f56bfc062723c751e8b465ee728b)
Start importing Assets/Casual RPG Character - Ekard/Models/Generic/Ekard_Attack_02.fbx using Guid(c1e3e83c912d822479af4fa1aae5eb42) Importer(815301076,1909f56bfc062723c751e8b465ee728b)  -> (artifact id: '391e213669d9372a1affee2d480f19a1') in 0.030117 seconds
  Import took 0.032390 seconds .

========================================================================
Received Import Request.
  Time since last request: 10.669835 seconds.
  path: Assets/Casual RPG Character - Ekard/Scenes/Ekard_Humanoid.unity
  artifactKey: Guid(66adb79077e938d4a99c6c92bd274be3) Importer(815301076,1909f56bfc062723c751e8b465ee728b)
Start importing Assets/Casual RPG Character - Ekard/Scenes/Ekard_Humanoid.unity using Guid(66adb79077e938d4a99c6c92bd274be3) Importer(815301076,1909f56bfc062723c751e8b465ee728b)  -> (artifact id: 'af713101e6e2bb960640d51a07be6daa') in 0.003312 seconds
  Import took 0.006623 seconds .

========================================================================
Received Import Request.
  Time since last request: 0.006443 seconds.
  path: Assets/Casual RPG Character - Ekard/Scenes/Ekard_Humanoid.unity
  artifactKey: Guid(66adb79077e938d4a99c6c92bd274be3) Importer(815301076,1909f56bfc062723c751e8b465ee728b)
Start importing Assets/Casual RPG Character - Ekard/Scenes/Ekard_Humanoid.unity using Guid(66adb79077e938d4a99c6c92bd274be3) Importer(815301076,1909f56bfc062723c751e8b465ee728b)  -> (artifact id: 'af713101e6e2bb960640d51a07be6daa') in 0.003293 seconds
  Import took 0.005528 seconds .

========================================================================
Received Import Request.
  Time since last request: 36.771380 seconds.
  path: Assets/Casual RPG Character - Ekard/Prefaps/Ekard_Humanoid.prefab
  artifactKey: Guid(5e948eb931d08954191a1d35a0853595) Importer(815301076,1909f56bfc062723c751e8b465ee728b)
Start importing Assets/Casual RPG Character - Ekard/Prefaps/Ekard_Humanoid.prefab using Guid(5e948eb931d08954191a1d35a0853595) Importer(815301076,1909f56bfc062723c751e8b465ee728b)  -> (artifact id: 'a48f810c9c470fa6d7babcf0dce1715f') in 0.223348 seconds
  Import took 0.227091 seconds .

========================================================================
Received Import Request.
  Time since last request: 8.325173 seconds.
  path: Assets/SimpleNaturePack/Scenes/SimpleNaturePack_Demo.unity
  artifactKey: Guid(5e7af4bd95ac53a4cb784a9eedf8f6f9) Importer(815301076,1909f56bfc062723c751e8b465ee728b)
Start importing Assets/SimpleNaturePack/Scenes/SimpleNaturePack_Demo.unity using Guid(5e7af4bd95ac53a4cb784a9eedf8f6f9) Importer(815301076,1909f56bfc062723c751e8b465ee728b)  -> (artifact id: '54a2d3e5163cfeeb79494e9a88dc8388') in 0.003321 seconds
  Import took 0.006250 seconds .

========================================================================
Received Import Request.
  Time since last request: 0.000872 seconds.
  path: Assets/SimpleNaturePack/Scenes/SimpleNaturePack_Demo.unity
  artifactKey: Guid(5e7af4bd95ac53a4cb784a9eedf8f6f9) Importer(815301076,1909f56bfc062723c751e8b465ee728b)
Start importing Assets/SimpleNaturePack/Scenes/SimpleNaturePack_Demo.unity using Guid(5e7af4bd95ac53a4cb784a9eedf8f6f9) Importer(815301076,1909f56bfc062723c751e8b465ee728b)  -> (artifact id: '54a2d3e5163cfeeb79494e9a88dc8388') in 0.003279 seconds
  Import took 0.005967 seconds .

========================================================================
Received Import Request.
  Time since last request: 65.535413 seconds.
  path: Assets/Casual RPG Character - Ekard/Models/Animator/Ekard_Humanoid.controller
  artifactKey: Guid(a3ddc4f43a4b5be4293c53e1c8588895) Importer(815301076,1909f56bfc062723c751e8b465ee728b)
Start importing Assets/Casual RPG Character - Ekard/Models/Animator/Ekard_Humanoid.controller using Guid(a3ddc4f43a4b5be4293c53e1c8588895) Importer(815301076,1909f56bfc062723c751e8b465ee728b)  -> (artifact id: 'dd1f9db73ef2ac0bdbd86fc13c098700') in 0.020050 seconds
  Import took 0.022977 seconds .

========================================================================
Received Prepare
Registering precompiled user dll's ...
Registered in 0.000579 seconds.
Begin MonoManager ReloadAssembly
Native extension for WindowsStandalone target not found
Native extension for WebGL target not found
Refreshing native plugins compatible for Editor in 0.28 ms, found 0 plugins.
Preloading 0 native plugins for Editor in 0.00 ms.
Invoked RoslynAnalysisRunner static constructor.
RoslynAnalysisRunner will not be running.
RoslynAnalysisRunner has terminated.
Mono: successfully reloaded assembly
- Completed reload, in  0.958 seconds
Platform modules already initialized, skipping
Refreshing native plugins compatible for Editor in 0.27 ms, found 0 plugins.
Preloading 0 native plugins for Editor in 0.00 ms.
Unloading 1141 Unused Serialized files (Serialized files now loaded: 0)
System memory in use before: 77.3 MB.
System memory in use after: 77.4 MB.

Unloading 4 unused Assets to reduce memory usage. Loaded Objects now: 1646.
Total: 2.641100 ms (FindLiveObjects: 0.182300 ms CreateObjectMapping: 0.044000 ms MarkObjects: 2.375100 ms  DeleteObjects: 0.037400 ms)

AssetImportWorkerClient::OnTransportError - code=2 error=End of file
